03-May-2026 19:56:14.799 INFO [main] org.apache.catalina.startup.VersionLoggerListener.log Server version name:   Apache Tomcat/10.1.54
03-May-2026 19:56:14.804 INFO [main] org.apache.catalina.startup.VersionLoggerListener.log Server built:          Mar 30 2026 22:31:53 UTC
03-May-2026 19:56:14.805 INFO [main] org.apache.catalina.startup.VersionLoggerListener.log Server version number: 10.1.54.0
03-May-2026 19:56:14.805 INFO [main] org.apache.catalina.startup.VersionLoggerListener.log OS Name:               Windows 11
03-May-2026 19:56:14.805 INFO [main] org.apache.catalina.startup.VersionLoggerListener.log OS Version:            10.0
03-May-2026 19:56:14.805 INFO [main] org.apache.catalina.startup.VersionLoggerListener.log Architecture:          amd64
03-May-2026 19:56:14.805 INFO [main] org.apache.catalina.startup.VersionLoggerListener.log Java Home:             C:\Program Files\Java\jdk-24
03-May-2026 19:56:14.806 INFO [main] org.apache.catalina.startup.VersionLoggerListener.log JVM Version:           24.0.2+12-54
03-May-2026 19:56:14.806 INFO [main] org.apache.catalina.startup.VersionLoggerListener.log JVM Vendor:            Oracle Corporation
03-May-2026 19:56:14.806 INFO [main] org.apache.catalina.startup.VersionLoggerListener.log CATALINA_BASE:         C:\Users\Mary Jay\Documents\NetBeansProjects\LoadBalancerDemo\apache-tomcat-10.1.54
03-May-2026 19:56:14.807 INFO [main] org.apache.catalina.startup.VersionLoggerListener.log CATALINA_HOME:         C:\Users\Mary Jay\Documents\NetBeansProjects\LoadBalancerDemo\apache-tomcat-10.1.54
03-May-2026 19:56:14.832 INFO [main] org.apache.catalina.startup.VersionLoggerListener.log Command line argument: -Djava.util.logging.config.file=C:\Users\Mary Jay\Documents\NetBeansProjects\LoadBalancerDemo\apache-tomcat-10.1.54\conf\logging.properties
03-May-2026 19:56:14.832 INFO [main] org.apache.catalina.startup.VersionLoggerListener.log Command line argument: -Djava.util.logging.manager=org.apache.juli.ClassLoaderLogManager
03-May-2026 19:56:14.833 INFO [main] org.apache.catalina.startup.VersionLoggerListener.log Command line argument: -Djdk.tls.ephemeralDHKeySize=2048
03-May-2026 19:56:14.833 INFO [main] org.apache.catalina.startup.VersionLoggerListener.log Command line argument: -Djava.protocol.handler.pkgs=org.apache.catalina.webresources
03-May-2026 19:56:14.833 INFO [main] org.apache.catalina.startup.VersionLoggerListener.log Command line argument: -Dsun.io.useCanonCaches=false
03-May-2026 19:56:14.833 INFO [main] org.apache.catalina.startup.VersionLoggerListener.log Command line argument: --add-opens=java.base/java.lang=ALL-UNNAMED
03-May-2026 19:56:14.834 INFO [main] org.apache.catalina.startup.VersionLoggerListener.log Command line argument: --add-opens=java.base/java.lang.reflect=ALL-UNNAMED
03-May-2026 19:56:14.834 INFO [main] org.apache.catalina.startup.VersionLoggerListener.log Command line argument: --add-opens=java.base/java.io=ALL-UNNAMED
03-May-2026 19:56:14.834 INFO [main] org.apache.catalina.startup.VersionLoggerListener.log Command line argument: --add-opens=java.base/java.util=ALL-UNNAMED
03-May-2026 19:56:14.835 INFO [main] org.apache.catalina.startup.VersionLoggerListener.log Command line argument: --add-opens=java.base/java.util.concurrent=ALL-UNNAMED
03-May-2026 19:56:14.835 INFO [main] org.apache.catalina.startup.VersionLoggerListener.log Command line argument: --add-opens=java.rmi/sun.rmi.transport=ALL-UNNAMED
03-May-2026 19:56:14.835 INFO [main] org.apache.catalina.startup.VersionLoggerListener.log Command line argument: -Dcatalina.base=C:\Users\Mary Jay\Documents\NetBeansProjects\LoadBalancerDemo\apache-tomcat-10.1.54
03-May-2026 19:56:14.836 INFO [main] org.apache.catalina.startup.VersionLoggerListener.log Command line argument: -Dcatalina.home=C:\Users\Mary Jay\Documents\NetBeansProjects\LoadBalancerDemo\apache-tomcat-10.1.54
03-May-2026 19:56:14.836 INFO [main] org.apache.catalina.startup.VersionLoggerListener.log Command line argument: -Djava.io.tmpdir=C:\Users\Mary Jay\Documents\NetBeansProjects\LoadBalancerDemo\apache-tomcat-10.1.54\temp
03-May-2026 19:56:14.861 INFO [main] org.apache.catalina.core.AprLifecycleListener.lifecycleEvent The Apache Tomcat Native library which allows using OpenSSL was not found on the java.library.path: [C:\Program Files\Java\jdk-24\bin;C:\WINDOWS\Sun\Java\bin;C:\WINDOWS\system32;C:\WINDOWS;C:\Program Files\Common Files\Oracle\Java\javapath;C:\Program Files (x86)\Common Files\Oracle\Java\javapath;C:\Program Files (x86)\Razer Chroma SDK\bin;C:\Program Files\Razer Chroma SDK\bin;C:\Program Files (x86)\Razer\ChromaBroadcast\bin;C:\Program Files\Razer\ChromaBroadcast\bin;C:\WINDOWS\system32;C:\WINDOWS;C:\WINDOWS\System32\Wbem;C:\WINDOWS\System32\WindowsPowerShell\v1.0\;C:\WINDOWS\System32\OpenSSH\;C:\WINDOWS\system32\config\systemprofile\AppData\Local\Microsoft\WindowsApps;C:\Program Files\Cloudflare\Cloudflare WARP\;C:\Program Files\dotnet\;C:\WINDOWS\system32;C:\WINDOWS;C:\WINDOWS\System32\Wbem;C:\WINDOWS\System32\WindowsPowerShell\v1.0\;C:\WINDOWS\System32\OpenSSH\;C:\Program Files\nodejs\;C:\Program Files\Git\cmd;C:\xampp\php;C:\ProgramData\ComposerSetup\bin;C:\Program Files\Java\jdk-24\bin;C:\Program Files\Microsoft SQL Server\150\Tools\Binn\;C:\Program Files\Microsoft SQL Server\Client SDK\ODBC\170\Tools\Binn\;C:\Program Files\Microsoft SQL Server\160\DTS\Binn\;C:\Program Files\Microsoft SQL Server\130\DTS\Binn\;C:\Program Files\Microsoft SQL Server\140\DTS\Binn\;C:\Program Files\Microsoft SQL Server\150\DTS\Binn\;C:\Program Files\Microsoft SQL Server\170\DTS\Binn\;C:\Program Files (x86)\Microsoft SQL Server\150\Tools\Binn\;C:\Program Files (x86)\Microsoft SQL Server\150\DTS\Binn\;C:\Program Files (x86)\Microsoft SQL Server\160\DTS\Binn\;C:\Program Files\Azure Data Studio\bin;C:\Program Files\Microsoft SQL Server\170\Tools\Binn\;C:\Users\Mary Jay\.local\bin;C:\Users\Mary Jay\AppData\Local\Programs\Antigravity\bin;C:\Users\Mary Jay\AppData\Local\Programs\Microsoft VS Code\bin;C:\Users\Mary Jay\AppData\Local\Programs\cursor\resources\app\bin;C:\Users\Mary Jay\.dotnet\tools;.]
03-May-2026 19:56:15.388 INFO [main] org.apache.coyote.AbstractProtocol.init Initializing ProtocolHandler ["http-nio-8080"]
03-May-2026 19:56:15.437 INFO [main] org.apache.catalina.startup.Catalina.load Server initialization in [1093] milliseconds
03-May-2026 19:56:15.571 INFO [main] org.apache.catalina.core.StandardService.startInternal Starting service [Catalina]
03-May-2026 19:56:15.572 INFO [main] org.apache.catalina.core.StandardEngine.startInternal Starting Servlet engine: [Apache Tomcat/10.1.54]
03-May-2026 19:56:15.603 INFO [main] org.apache.catalina.startup.HostConfig.deployDirectory Deploying web application directory [C:\Users\Mary Jay\Documents\NetBeansProjects\LoadBalancerDemo\apache-tomcat-10.1.54\webapps\docs]
03-May-2026 19:56:16.357 INFO [main] org.apache.catalina.startup.HostConfig.deployDirectory Deployment of web application directory [C:\Users\Mary Jay\Documents\NetBeansProjects\LoadBalancerDemo\apache-tomcat-10.1.54\webapps\docs] has finished in [753] ms
03-May-2026 19:56:16.358 INFO [main] org.apache.catalina.startup.HostConfig.deployDirectory Deploying web application directory [C:\Users\Mary Jay\Documents\NetBeansProjects\LoadBalancerDemo\apache-tomcat-10.1.54\webapps\examples]
03-May-2026 19:56:17.396 INFO [main] org.apache.catalina.startup.HostConfig.deployDirectory Deployment of web application directory [C:\Users\Mary Jay\Documents\NetBeansProjects\LoadBalancerDemo\apache-tomcat-10.1.54\webapps\examples] has finished in [1,038] ms
03-May-2026 19:56:17.397 INFO [main] org.apache.catalina.startup.HostConfig.deployDirectory Deploying web application directory [C:\Users\Mary Jay\Documents\NetBeansProjects\LoadBalancerDemo\apache-tomcat-10.1.54\webapps\host-manager]
03-May-2026 19:56:17.494 INFO [main] org.apache.catalina.startup.HostConfig.deployDirectory Deployment of web application directory [C:\Users\Mary Jay\Documents\NetBeansProjects\LoadBalancerDemo\apache-tomcat-10.1.54\webapps\host-manager] has finished in [97] ms
03-May-2026 19:56:17.495 INFO [main] org.apache.catalina.startup.HostConfig.deployDirectory Deploying web application directory [C:\Users\Mary Jay\Documents\NetBeansProjects\LoadBalancerDemo\apache-tomcat-10.1.54\webapps\manager]
03-May-2026 19:56:17.585 INFO [main] org.apache.catalina.startup.HostConfig.deployDirectory Deployment of web application directory [C:\Users\Mary Jay\Documents\NetBeansProjects\LoadBalancerDemo\apache-tomcat-10.1.54\webapps\manager] has finished in [89] ms
03-May-2026 19:56:17.586 INFO [main] org.apache.catalina.startup.HostConfig.deployDirectory Deploying web application directory [C:\Users\Mary Jay\Documents\NetBeansProjects\LoadBalancerDemo\apache-tomcat-10.1.54\webapps\ROOT]
03-May-2026 19:56:17.645 INFO [main] org.apache.catalina.startup.HostConfig.deployDirectory Deployment of web application directory [C:\Users\Mary Jay\Documents\NetBeansProjects\LoadBalancerDemo\apache-tomcat-10.1.54\webapps\ROOT] has finished in [60] ms
03-May-2026 19:56:17.654 INFO [main] org.apache.coyote.AbstractProtocol.start Starting ProtocolHandler ["http-nio-8080"]
03-May-2026 19:56:17.723 INFO [main] org.apache.catalina.startup.Catalina.start Server startup in [2281] milliseconds
03-May-2026 19:58:47.806 INFO [Catalina-utility-1] org.apache.catalina.startup.HostConfig.deployWAR Deploying web application archive [C:\Users\Mary Jay\Documents\NetBeansProjects\LoadBalancerDemo\apache-tomcat-10.1.54\webapps\LoadBalancerDemo.war]
03-May-2026 19:58:47.944 INFO [Catalina-utility-1] org.apache.catalina.startup.HostConfig.deployWAR Deployment of web application archive [C:\Users\Mary Jay\Documents\NetBeansProjects\LoadBalancerDemo\apache-tomcat-10.1.54\webapps\LoadBalancerDemo.war] has finished in [139] ms
03-May-2026 19:58:50.808 INFO [Thread-1] org.apache.coyote.AbstractProtocol.pause Pausing ProtocolHandler ["http-nio-8080"]
03-May-2026 19:58:50.848 INFO [Thread-1] org.apache.catalina.core.StandardService.stopInternal Stopping service [Catalina]
03-May-2026 19:58:50.885 INFO [Thread-1] org.apache.coyote.AbstractProtocol.stop Stopping ProtocolHandler ["http-nio-8080"]
03-May-2026 19:58:50.895 INFO [Thread-1] org.apache.coyote.AbstractProtocol.destroy Destroying ProtocolHandler ["http-nio-8080"]
03-May-2026 19:58:58.540 INFO [main] org.apache.catalina.startup.VersionLoggerListener.log Server version name:   Apache Tomcat/10.1.54
03-May-2026 19:58:58.544 INFO [main] org.apache.catalina.startup.VersionLoggerListener.log Server built:          Mar 30 2026 22:31:53 UTC
03-May-2026 19:58:58.545 INFO [main] org.apache.catalina.startup.VersionLoggerListener.log Server version number: 10.1.54.0
03-May-2026 19:58:58.546 INFO [main] org.apache.catalina.startup.VersionLoggerListener.log OS Name:               Windows 11
03-May-2026 19:58:58.546 INFO [main] org.apache.catalina.startup.VersionLoggerListener.log OS Version:            10.0
03-May-2026 19:58:58.546 INFO [main] org.apache.catalina.startup.VersionLoggerListener.log Architecture:          amd64
03-May-2026 19:58:58.546 INFO [main] org.apache.catalina.startup.VersionLoggerListener.log Java Home:             C:\Program Files\Java\jdk-24
03-May-2026 19:58:58.547 INFO [main] org.apache.catalina.startup.VersionLoggerListener.log JVM Version:           24.0.2+12-54
03-May-2026 19:58:58.547 INFO [main] org.apache.catalina.startup.VersionLoggerListener.log JVM Vendor:            Oracle Corporation
03-May-2026 19:58:58.548 INFO [main] org.apache.catalina.startup.VersionLoggerListener.log CATALINA_BASE:         C:\Users\Mary Jay\Documents\NetBeansProjects\LoadBalancerDemo\apache-tomcat-10.1.54
03-May-2026 19:58:58.548 INFO [main] org.apache.catalina.startup.VersionLoggerListener.log CATALINA_HOME:         C:\Users\Mary Jay\Documents\NetBeansProjects\LoadBalancerDemo\apache-tomcat-10.1.54
03-May-2026 19:58:58.564 INFO [main] org.apache.catalina.startup.VersionLoggerListener.log Command line argument: -Djava.util.logging.config.file=C:\Users\Mary Jay\Documents\NetBeansProjects\LoadBalancerDemo\apache-tomcat-10.1.54\conf\logging.properties
03-May-2026 19:58:58.565 INFO [main] org.apache.catalina.startup.VersionLoggerListener.log Command line argument: -Djava.util.logging.manager=org.apache.juli.ClassLoaderLogManager
03-May-2026 19:58:58.565 INFO [main] org.apache.catalina.startup.VersionLoggerListener.log Command line argument: -Djdk.tls.ephemeralDHKeySize=2048
03-May-2026 19:58:58.565 INFO [main] org.apache.catalina.startup.VersionLoggerListener.log Command line argument: -Djava.protocol.handler.pkgs=org.apache.catalina.webresources
03-May-2026 19:58:58.565 INFO [main] org.apache.catalina.startup.VersionLoggerListener.log Command line argument: -Dsun.io.useCanonCaches=false
03-May-2026 19:58:58.566 INFO [main] org.apache.catalina.startup.VersionLoggerListener.log Command line argument: --add-opens=java.base/java.lang=ALL-UNNAMED
03-May-2026 19:58:58.570 INFO [main] org.apache.catalina.startup.VersionLoggerListener.log Command line argument: --add-opens=java.base/java.lang.reflect=ALL-UNNAMED
03-May-2026 19:58:58.570 INFO [main] org.apache.catalina.startup.VersionLoggerListener.log Command line argument: --add-opens=java.base/java.io=ALL-UNNAMED
03-May-2026 19:58:58.571 INFO [main] org.apache.catalina.startup.VersionLoggerListener.log Command line argument: --add-opens=java.base/java.util=ALL-UNNAMED
03-May-2026 19:58:58.572 INFO [main] org.apache.catalina.startup.VersionLoggerListener.log Command line argument: --add-opens=java.base/java.util.concurrent=ALL-UNNAMED
03-May-2026 19:58:58.572 INFO [main] org.apache.catalina.startup.VersionLoggerListener.log Command line argument: --add-opens=java.rmi/sun.rmi.transport=ALL-UNNAMED
03-May-2026 19:58:58.573 INFO [main] org.apache.catalina.startup.VersionLoggerListener.log Command line argument: -Dcatalina.base=C:\Users\Mary Jay\Documents\NetBeansProjects\LoadBalancerDemo\apache-tomcat-10.1.54
03-May-2026 19:58:58.573 INFO [main] org.apache.catalina.startup.VersionLoggerListener.log Command line argument: -Dcatalina.home=C:\Users\Mary Jay\Documents\NetBeansProjects\LoadBalancerDemo\apache-tomcat-10.1.54
03-May-2026 19:58:58.574 INFO [main] org.apache.catalina.startup.VersionLoggerListener.log Command line argument: -Djava.io.tmpdir=C:\Users\Mary Jay\Documents\NetBeansProjects\LoadBalancerDemo\apache-tomcat-10.1.54\temp
03-May-2026 19:58:58.594 INFO [main] org.apache.catalina.core.AprLifecycleListener.lifecycleEvent The Apache Tomcat Native library which allows using OpenSSL was not found on the java.library.path: [C:\Program Files\Java\jdk-24\bin;C:\WINDOWS\Sun\Java\bin;C:\WINDOWS\system32;C:\WINDOWS;C:\Program Files\Common Files\Oracle\Java\javapath;C:\Program Files (x86)\Common Files\Oracle\Java\javapath;C:\Program Files (x86)\Razer Chroma SDK\bin;C:\Program Files\Razer Chroma SDK\bin;C:\Program Files (x86)\Razer\ChromaBroadcast\bin;C:\Program Files\Razer\ChromaBroadcast\bin;C:\WINDOWS\system32;C:\WINDOWS;C:\WINDOWS\System32\Wbem;C:\WINDOWS\System32\WindowsPowerShell\v1.0\;C:\WINDOWS\System32\OpenSSH\;C:\WINDOWS\system32\config\systemprofile\AppData\Local\Microsoft\WindowsApps;C:\Program Files\Cloudflare\Cloudflare WARP\;C:\Program Files\dotnet\;C:\WINDOWS\system32;C:\WINDOWS;C:\WINDOWS\System32\Wbem;C:\WINDOWS\System32\WindowsPowerShell\v1.0\;C:\WINDOWS\System32\OpenSSH\;C:\Program Files\nodejs\;C:\Program Files\Git\cmd;C:\xampp\php;C:\ProgramData\ComposerSetup\bin;C:\Program Files\Java\jdk-24\bin;C:\Program Files\Microsoft SQL Server\150\Tools\Binn\;C:\Program Files\Microsoft SQL Server\Client SDK\ODBC\170\Tools\Binn\;C:\Program Files\Microsoft SQL Server\160\DTS\Binn\;C:\Program Files\Microsoft SQL Server\130\DTS\Binn\;C:\Program Files\Microsoft SQL Server\140\DTS\Binn\;C:\Program Files\Microsoft SQL Server\150\DTS\Binn\;C:\Program Files\Microsoft SQL Server\170\DTS\Binn\;C:\Program Files (x86)\Microsoft SQL Server\150\Tools\Binn\;C:\Program Files (x86)\Microsoft SQL Server\150\DTS\Binn\;C:\Program Files (x86)\Microsoft SQL Server\160\DTS\Binn\;C:\Program Files\Azure Data Studio\bin;C:\Program Files\Microsoft SQL Server\170\Tools\Binn\;C:\Users\Mary Jay\.local\bin;C:\Users\Mary Jay\AppData\Local\Programs\Antigravity\bin;C:\Users\Mary Jay\AppData\Local\Programs\Microsoft VS Code\bin;C:\Users\Mary Jay\AppData\Local\Programs\cursor\resources\app\bin;C:\Users\Mary Jay\.dotnet\tools;.]
03-May-2026 19:58:59.085 INFO [main] org.apache.coyote.AbstractProtocol.init Initializing ProtocolHandler ["http-nio-8080"]
03-May-2026 19:58:59.125 INFO [main] org.apache.catalina.startup.Catalina.load Server initialization in [897] milliseconds
03-May-2026 19:58:59.215 INFO [main] org.apache.catalina.core.StandardService.startInternal Starting service [Catalina]
03-May-2026 19:58:59.216 INFO [main] org.apache.catalina.core.StandardEngine.startInternal Starting Servlet engine: [Apache Tomcat/10.1.54]
03-May-2026 19:58:59.294 INFO [main] org.apache.catalina.startup.HostConfig.deployWAR Deploying web application archive [C:\Users\Mary Jay\Documents\NetBeansProjects\LoadBalancerDemo\apache-tomcat-10.1.54\webapps\LoadBalancerDemo.war]
03-May-2026 19:58:59.852 INFO [main] org.apache.catalina.startup.HostConfig.deployWAR Deployment of web application archive [C:\Users\Mary Jay\Documents\NetBeansProjects\LoadBalancerDemo\apache-tomcat-10.1.54\webapps\LoadBalancerDemo.war] has finished in [557] ms
03-May-2026 19:58:59.854 INFO [main] org.apache.catalina.startup.HostConfig.deployDirectory Deploying web application directory [C:\Users\Mary Jay\Documents\NetBeansProjects\LoadBalancerDemo\apache-tomcat-10.1.54\webapps\docs]
03-May-2026 19:58:59.940 INFO [main] org.apache.catalina.startup.HostConfig.deployDirectory Deployment of web application directory [C:\Users\Mary Jay\Documents\NetBeansProjects\LoadBalancerDemo\apache-tomcat-10.1.54\webapps\docs] has finished in [86] ms
03-May-2026 19:58:59.941 INFO [main] org.apache.catalina.startup.HostConfig.deployDirectory Deploying web application directory [C:\Users\Mary Jay\Documents\NetBeansProjects\LoadBalancerDemo\apache-tomcat-10.1.54\webapps\examples]
03-May-2026 19:59:00.712 INFO [main] org.apache.catalina.startup.HostConfig.deployDirectory Deployment of web application directory [C:\Users\Mary Jay\Documents\NetBeansProjects\LoadBalancerDemo\apache-tomcat-10.1.54\webapps\examples] has finished in [770] ms
03-May-2026 19:59:00.712 INFO [main] org.apache.catalina.startup.HostConfig.deployDirectory Deploying web application directory [C:\Users\Mary Jay\Documents\NetBeansProjects\LoadBalancerDemo\apache-tomcat-10.1.54\webapps\host-manager]
03-May-2026 19:59:00.784 INFO [main] org.apache.catalina.startup.HostConfig.deployDirectory Deployment of web application directory [C:\Users\Mary Jay\Documents\NetBeansProjects\LoadBalancerDemo\apache-tomcat-10.1.54\webapps\host-manager] has finished in [72] ms
03-May-2026 19:59:00.785 INFO [main] org.apache.catalina.startup.HostConfig.deployDirectory Deploying web application directory [C:\Users\Mary Jay\Documents\NetBeansProjects\LoadBalancerDemo\apache-tomcat-10.1.54\webapps\manager]
03-May-2026 19:59:00.847 INFO [main] org.apache.catalina.startup.HostConfig.deployDirectory Deployment of web application directory [C:\Users\Mary Jay\Documents\NetBeansProjects\LoadBalancerDemo\apache-tomcat-10.1.54\webapps\manager] has finished in [62] ms
03-May-2026 19:59:00.848 INFO [main] org.apache.catalina.startup.HostConfig.deployDirectory Deploying web application directory [C:\Users\Mary Jay\Documents\NetBeansProjects\LoadBalancerDemo\apache-tomcat-10.1.54\webapps\ROOT]
03-May-2026 19:59:00.892 INFO [main] org.apache.catalina.startup.HostConfig.deployDirectory Deployment of web application directory [C:\Users\Mary Jay\Documents\NetBeansProjects\LoadBalancerDemo\apache-tomcat-10.1.54\webapps\ROOT] has finished in [45] ms
03-May-2026 19:59:00.900 INFO [main] org.apache.coyote.AbstractProtocol.start Starting ProtocolHandler ["http-nio-8080"]
03-May-2026 19:59:00.948 INFO [main] org.apache.catalina.startup.Catalina.start Server startup in [1817] milliseconds
03-May-2026 20:03:57.213 INFO [Thread-1] org.apache.coyote.AbstractProtocol.pause Pausing ProtocolHandler ["http-nio-8080"]
03-May-2026 20:03:57.252 INFO [Thread-1] org.apache.catalina.core.StandardService.stopInternal Stopping service [Catalina]
03-May-2026 20:03:57.287 INFO [Thread-1] org.apache.coyote.AbstractProtocol.stop Stopping ProtocolHandler ["http-nio-8080"]
03-May-2026 20:03:57.304 INFO [Thread-1] org.apache.coyote.AbstractProtocol.destroy Destroying ProtocolHandler ["http-nio-8080"]
